C51 COMPILER V9.54   MAIN                                                                  09/11/2024 14:11:30 PAGE 1   


C51 COMPILER V9.54, COMPILATION OF MODULE MAIN
OBJECT MODULE PLACED IN .\Objects\main.obj
COMPILER INVOKED BY: D:\_EmbeddedSystemTool\Keil_v5\C51\BIN\C51.EXE main.c OPTIMIZE(8,SPEED) BROWSE DEBUG OBJECTEXTEND P
                    -RINT(.\Listings\main.lst) TABS(2) OBJECT(.\Objects\main.obj)

line level    source

   1          #include <REGX52.H>
   2          #include "Uart.h"
   3          
   4          void main()
   5          {
   6   1        Uart_Init();
   7   1        while(1)
   8   1        {
   9   2          
  10   2        }
  11   1      }
  12          
  13          /**
  14            *@brief 串口向电脑发送数据&电脑通过串口控制LED
  15            *@param 
  16            *@retval 
  17            *需用到串口助手
  18             在发送端输入要赋值给P2寄存器的值，P2所控制LED随之控制
  19             并将该值显示在接受端
  20            */
  21          void Uart_Routine() interrupt 4
  22          {
  23   1        if(RI == 1)
  24   1          {
  25   2            P2 = ~SBUF;
  26   2            Uart_SendByte(SBUF);
  27   2            RI = 0;
  28   2          }
  29   1      }


MODULE INFORMATION:   STATIC OVERLAYABLE
   CODE SIZE        =     76    ----
   CONSTANT SIZE    =   ----    ----
   XDATA SIZE       =   ----    ----
   PDATA SIZE       =   ----    ----
   DATA SIZE        =   ----    ----
   IDATA SIZE       =   ----    ----
   BIT SIZE         =   ----    ----
END OF MODULE INFORMATION.


C51 COMPILATION COMPLETE.  0 WARNING(S),  0 ERROR(S)
