C51 COMPILER V9.54   UART                                                                  09/11/2024 13:47:51 PAGE 1   


C51 COMPILER V9.54, COMPILATION OF MODULE UART
OBJECT MODULE PLACED IN .\Objects\Uart.obj
COMPILER INVOKED BY: D:\_EmbeddedSystemTool\Keil_v5\C51\BIN\C51.EXE Uart.c OPTIMIZE(8,SPEED) BROWSE DEBUG OBJECTEXTEND P
                    -RINT(.\Listings\Uart.lst) TABS(2) OBJECT(.\Objects\Uart.obj)

line level    source

   1          #include <REGX52.H>
   2          
   3          /**
   4            *@brief 串口初始化  4800bps@12.000MHz
   5            *@param 无
   6            *@retval 无
   7            */
   8          void Uart_Init()
   9          {
  10   1        PCON |= 0x80;   //使能波特率倍速位SMOD
  11   1        SCON = 0x50;    //8位数据,可变波特率
  12   1        TMOD &= 0x0F;   //清除定时器1模式位
  13   1        TMOD |= 0x20;   //设定定时器1为8位自动重装方式
  14   1        TL1 = 0xF3;   //设定定时初值
  15   1        TH1 = 0xF3;   //设定定时器重装值
  16   1        ET1 = 0;    //禁止定时器1中断
  17   1        TR1 = 1;    //启动定时器1
  18   1        ES = 1;
  19   1        EA = 1;
  20   1      }
  21          
  22          /**
  23            *@brief 串口发送一个字节数据
  24            *@param Byte 要发送的一个字节数据
  25            *@retval 无
  26            */
  27          void Uart_SendByte(unsigned char Byte)
  28          {
  29   1        SBUF = Byte;
  30   1        while(TI == 0);
  31   1        TI = 0;
  32   1      }
  33          
  34          /**
  35            *@brief 串口中断函数 模板
  36            *@param 无
  37            *@retval 无
  38          void Uart_Routine() interrupt 4
  39          {
  40            if(RI == 0)
  41              {
  42                
  43                RI = 0;
  44              }
  45          }
  46            */


MODULE INFORMATION:   STATIC OVERLAYABLE
   CODE SIZE        =     35    ----
   CONSTANT SIZE    =   ----    ----
   XDATA SIZE       =   ----    ----
   PDATA SIZE       =   ----    ----
   DATA SIZE        =   ----    ----
C51 COMPILER V9.54   UART                                                                  09/11/2024 13:47:51 PAGE 2   

   IDATA SIZE       =   ----    ----
   BIT SIZE         =   ----    ----
END OF MODULE INFORMATION.


C51 COMPILATION COMPLETE.  0 WARNING(S),  0 ERROR(S)
