C51 COMPILER V9.54   MAIN                                                                  09/10/2024 15:13:29 PAGE 1   


C51 COMPILER V9.54, COMPILATION OF MODULE MAIN
OBJECT MODULE PLACED IN .\Objects\main.obj
COMPILER INVOKED BY: D:\_EmbeddedSystemTool\Keil_v5\C51\BIN\C51.EXE main.c OPTIMIZE(8,SPEED) BROWSE DEBUG OBJECTEXTEND P
                    -RINT(.\Listings\main.lst) TABS(2) OBJECT(.\Objects\main.obj)

line level    source

   1          #include <REGX52.H>
   2          #include "Timer0.h"
   3          #include "LCD1602.h"
   4          
   5          /**
   6            *@brief 定时器_时钟
   7            *@param 无
   8            *@retval 无
   9            *
  10            */
  11          unsigned char Hour,Min,Sec;
  12          void main()
  13          {
  14   1        LCD_Init();
  15   1        Timer0_Init();
  16   1        LCD_ShowString(1,1,"Clock:");
  17   1        LCD_ShowString(2,1,"  :  :");
  18   1        while(1)
  19   1          {
  20   2            LCD_ShowNum(2,1,Hour,2);
  21   2            LCD_ShowNum(2,4,Min,2);
  22   2            LCD_ShowNum(2,7,Sec,2);
  23   2          }
  24   1      }
  25          
  26          /**
  27          *@brief 中断函数：不要在其中执行过长的任务
  28            *@param 无
  29            *@retval 无
  30            *
  31          */
  32          void Timer0_Rountine() interrupt 1
  33          {
  34   1          static unsigned int T0Count;
  35   1          TL0 = 0x18;
  36   1          TH0 = 0xFC;
  37   1          T0Count ++;
  38   1          if(T0Count >= 1000)
  39   1          {
  40   2              T0Count = 0;
  41   2              Sec ++;
  42   2            if(Sec >= 60)
  43   2            {
  44   3              Sec = 0;
  45   3              Min ++;
  46   3              if(Min >= 60)
  47   3              {
  48   4                Min = 0;
  49   4                Hour ++;
  50   4                if(Hour >= 24)
  51   4                {
  52   5                  Hour = 0;
  53   5                }
  54   4              }
C51 COMPILER V9.54   MAIN                                                                  09/10/2024 15:13:29 PAGE 2   

  55   3            }
  56   2          }
  57   1      }


MODULE INFORMATION:   STATIC OVERLAYABLE
   CODE SIZE        =    150    ----
   CONSTANT SIZE    =     14    ----
   XDATA SIZE       =   ----    ----
   PDATA SIZE       =   ----    ----
   DATA SIZE        =      5    ----
   IDATA SIZE       =   ----    ----
   BIT SIZE         =   ----    ----
END OF MODULE INFORMATION.


C51 COMPILATION COMPLETE.  0 WARNING(S),  0 ERROR(S)
