C51 COMPILER V9.54   MAIN                                                                  09/11/2024 14:16:17 PAGE 1   


C51 COMPILER V9.54, COMPILATION OF MODULE MAIN
OBJECT MODULE PLACED IN .\Objects\main.obj
COMPILER INVOKED BY: D:\_EmbeddedSystemTool\Keil_v5\C51\BIN\C51.EXE main.c OPTIMIZE(8,SPEED) BROWSE DEBUG OBJECTEXTEND P
                    -RINT(.\Listings\main.lst) TABS(2) OBJECT(.\Objects\main.obj)

line level    source

   1          #include <REGX52.H>
   2          
   3          /**
   4            *@brief 主函数
   5            *@param 无
   6            *@retval 无
   7            * 有且仅有一个main函数，是整个程序开始执行的入口
   8            * 点亮一个LED(LED1:P20) (位操作方法)
   9              因此LED是共阳极连接，所只要给另一端低电平，即可点亮LED
  10              给P2寄存器(8位，分别控制8个I/O口)赋值 1111 1110 (0xfe) ，即最低位0，其余位1，最
             -低位P20为低电平
  11            * 循环体
  12              while(1){
  13                
  14              }
  15            */
  16          void main(){
  17   1        P2=0xfe;
  18   1        while(1){
  19   2          
  20   2        }
  21   1      }


MODULE INFORMATION:   STATIC OVERLAYABLE
   CODE SIZE        =      5    ----
   CONSTANT SIZE    =   ----    ----
   XDATA SIZE       =   ----    ----
   PDATA SIZE       =   ----    ----
   DATA SIZE        =   ----    ----
   IDATA SIZE       =   ----    ----
   BIT SIZE         =   ----    ----
END OF MODULE INFORMATION.


C51 COMPILATION COMPLETE.  0 WARNING(S),  0 ERROR(S)
