C51 COMPILER V9.54   MATRIXKEY                                                             09/10/2024 11:12:33 PAGE 1   


C51 COMPILER V9.54, COMPILATION OF MODULE MATRIXKEY
OBJECT MODULE PLACED IN .\Objects\MatrixKey.obj
COMPILER INVOKED BY: D:\_EmbeddedSystemTool\Keil_v5\C51\BIN\C51.EXE MatrixKey.c OPTIMIZE(8,SPEED) BROWSE DEBUG OBJECTEXT
                    -END PRINT(.\Listings\MatrixKey.lst) TABS(2) OBJECT(.\Objects\MatrixKey.obj)

line level    source

   1          #include <REGX52.H>
   2          #include "Delay.h"
   3          
   4          /**
   5            *@brief çŸ©é˜µé”®ç›˜è¯»å–æŒ‰é”®é”®ç 
   6            *@param æ— 
   7            *@retval KeyNumber æŒ‰ä¸‹æŒ‰é”®çš„é”®ç å€¼
   8            *è‹¥æŒ‰ä¸‹æŒ‰é”®ä¸æ”¾ï¼Œç¨‹åºå°†åœç•™åœ¨æ­¤å‡½æ•°ï¼Œæ¾å¼€æŒ‰é”®ï¼Œè¿”å›æŒ‰é”®é”®ç ï¼Œæ²¡æœ‰æŒ‰ä¸‹æŒ
             -‰é”®ï¼Œè¿”å›0
   9            *åˆ¤æ–­ç¬¬1è¡Œ
  10             P1 = 0xff; //å°†P1å¯„å­˜å™¨é»˜è®¤è®¾ä¸ºé«˜ç”µå¹³ äºŒè¿›åˆ¶"1111 1111"
  11             P1_7 = 0; //å°†ç¬¬1è¡ŒP17è®¾ä¸ºä½ç”µå¹³ äºŒè¿›åˆ¶"0"
  12             åˆ¤æ–­ç¬¬1åˆ—
  13             è‹¥æŒ‰é”®æŒ‰ä¸‹{æ¶ˆæŠ–ï¼›å½“æŒ‰é”®æ¾å¼€ï¼›æ¶ˆæŠ–ï¼›KeyNumberèµ‹å€¼ä½æŒ‰é”®å¯¹åº”çš„ä¸‹æ ‡}
  14             if(P1_3 == 0){Delay(20);while(P1_3 == 0);Delay(20);KeyNumber = 1;}
  15             ... ...(4è¡Œ4åˆ—)
  16            */
  17          unsigned char MatrixKey()
  18          {
  19   1          unsigned char KeyNumber = 0;
  20   1          P1 = 0xff;
  21   1          P1_7 = 0;
  22   1          if(P1_3 == 0){Delay(20);while(P1_3 == 0);Delay(20);KeyNumber = 1;}
  23   1          if(P1_2 == 0){Delay(20);while(P1_2 == 0);Delay(20);KeyNumber = 2;}
  24   1          if(P1_1 == 0){Delay(20);while(P1_1 == 0);Delay(20);KeyNumber = 3;}
  25   1          if(P1_0 == 0){Delay(20);while(P1_0 == 0);Delay(20);KeyNumber = 4;}
  26   1          P1 = 0xff;
  27   1          P1_6 = 0;
  28   1          if(P1_3 == 0){Delay(20);while(P1_3 == 0);Delay(20);KeyNumber = 5;}
  29   1          if(P1_2 == 0){Delay(20);while(P1_2 == 0);Delay(20);KeyNumber = 6;}
  30   1          if(P1_1 == 0){Delay(20);while(P1_1 == 0);Delay(20);KeyNumber = 7;}
  31   1          if(P1_0 == 0){Delay(20);while(P1_0 == 0);Delay(20);KeyNumber = 8;}
  32   1          P1 = 0xff;
  33   1          P1_5 = 0;
  34   1          if(P1_3 == 0){Delay(20);while(P1_3 == 0);Delay(20);KeyNumber = 9;}
  35   1          if(P1_2 == 0){Delay(20);while(P1_2 == 0);Delay(20);KeyNumber = 10;}
  36   1          if(P1_1 == 0){Delay(20);while(P1_1 == 0);Delay(20);KeyNumber = 11;}
  37   1          if(P1_0 == 0){Delay(20);while(P1_0 == 0);Delay(20);KeyNumber = 12;}
  38   1          P1 = 0xff;
  39   1          P1_4 = 0;
  40   1          if(P1_3 == 0){Delay(20);while(P1_3 == 0);Delay(20);KeyNumber = 13;}
  41   1          if(P1_2 == 0){Delay(20);while(P1_2 == 0);Delay(20);KeyNumber = 14;}
  42   1          if(P1_1 == 0){Delay(20);while(P1_1 == 0);Delay(20);KeyNumber = 15;}
  43   1          if(P1_0 == 0){Delay(20);while(P1_0 == 0);Delay(20);KeyNumber = 16;}
  44   1          return KeyNumber;
  45   1      }


MODULE INFORMATION:   STATIC OVERLAYABLE
   CODE SIZE        =    393    ----
   CONSTANT SIZE    =   ----    ----
   XDATA SIZE       =   ----    ----
   PDATA SIZE       =   ----    ----
   DATA SIZE        =   ----       1
C51 COMPILER V9.54   MATRIXKEY                                                             09/10/2024 11:12:33 PAGE 2   

   IDATA SIZE       =   ----    ----
   BIT SIZE         =   ----    ----
END OF MODULE INFORMATION.


C51 COMPILATION COMPLETE.  0 WARNING(S),  0 ERROR(S)
