C51 COMPILER V9.54   DELAY                                                                 09/10/2024 10:47:36 PAGE 1   


C51 COMPILER V9.54, COMPILATION OF MODULE DELAY
OBJECT MODULE PLACED IN .\Objects\Delay.obj
COMPILER INVOKED BY: D:\_EmbeddedSystemTool\Keil_v5\C51\BIN\C51.EXE Delay.c OPTIMIZE(8,SPEED) BROWSE DEBUG OBJECTEXTEND 
                    -PRINT(.\Listings\Delay.lst) TABS(2) OBJECT(.\Objects\Delay.obj)

line level    source

   1          
   2          /**
   3            *@brief 延时函数 1ms@12MHz
   4            *@param ms毫秒
   5            *@retval 无
   6            * 用stc-isp工具生成延时1ms程序，再改变到延时任意ms
   7            * while(ms--) //当 ms !=0，执行延时1ms；再 ms-1 != 0，执行延时1ms；循环，直到 ms=0，
             -序结束
   8            */
   9          void Delay(unsigned int ms){
  10   1        unsigned char i,j;
  11   1        while(ms--){
  12   2          i = 2;
  13   2          j = 239;
  14   2          do{
  15   3            while(--j);
  16   3          } while(--i);
  17   2        }
  18   1      }


MODULE INFORMATION:   STATIC OVERLAYABLE
   CODE SIZE        =     21    ----
   CONSTANT SIZE    =   ----    ----
   XDATA SIZE       =   ----    ----
   PDATA SIZE       =   ----    ----
   DATA SIZE        =   ----    ----
   IDATA SIZE       =   ----    ----
   BIT SIZE         =   ----    ----
END OF MODULE INFORMATION.


C51 COMPILATION COMPLETE.  0 WARNING(S),  0 ERROR(S)
