C51 COMPILER V9.54   MAIN                                                                  09/10/2024 10:48:41 PAGE 1   


C51 COMPILER V9.54, COMPILATION OF MODULE MAIN
OBJECT MODULE PLACED IN .\Objects\main.obj
COMPILER INVOKED BY: D:\_EmbeddedSystemTool\Keil_v5\C51\BIN\C51.EXE main.c OPTIMIZE(8,SPEED) BROWSE DEBUG OBJECTEXTEND P
                    -RINT(.\Listings\main.lst) TABS(2) OBJECT(.\Objects\main.obj)

line level    source

   1          #include "Nixie.h"
   2          
   3          /**
   4            *@brief LED数码管_动态显示 (单片机直接扫描，加上消影)
   5            *@param 无
   6            *@retval 无
   7            * 第几位显示几
   8            */
   9          void main(){
  10   1        while(1){
  11   2          Nixie(1,1);
  12   2          Nixie(2,2);
  13   2          Nixie(3,3);
  14   2          Nixie(4,4);
  15   2          Nixie(5,5);
  16   2          Nixie(6,6);
  17   2          Nixie(7,7);
  18   2          Nixie(8,8);
  19   2        }
  20   1      }


MODULE INFORMATION:   STATIC OVERLAYABLE
   CODE SIZE        =     74    ----
   CONSTANT SIZE    =   ----    ----
   XDATA SIZE       =   ----    ----
   PDATA SIZE       =   ----    ----
   DATA SIZE        =   ----    ----
   IDATA SIZE       =   ----    ----
   BIT SIZE         =   ----    ----
END OF MODULE INFORMATION.


C51 COMPILATION COMPLETE.  0 WARNING(S),  0 ERROR(S)
