C51 COMPILER V9.54   MAIN                                                                  09/10/2024 11:25:12 PAGE 1   


C51 COMPILER V9.54, COMPILATION OF MODULE MAIN
OBJECT MODULE PLACED IN .\Objects\main.obj
COMPILER INVOKED BY: D:\_EmbeddedSystemTool\Keil_v5\C51\BIN\C51.EXE main.c OPTIMIZE(8,SPEED) BROWSE DEBUG OBJECTEXTEND P
                    -RINT(.\Listings\main.lst) TABS(2) OBJECT(.\Objects\main.obj)

line level    source

   1          #include "LCD1602.h"
   2          #include "Delay.h"
   3          
   4          /**
   5            *@brief 显示从0每隔1s +1
   6            *@param 无
   7            *@retval 无
   8            *LCD1602模块的7个函数用法
   9            */
  10          int Result = 0;
  11          void main()
  12          {
  13   1        LCD_Init(); //LCD1602初始化函数
  14   1      //  LCD_ShowChar(1,1,'A'); //在LCD1602指定位置上显示一个字符，1行1列显示A，单字符用
             -引号 ''
  15   1      //  LCD_ShowString(1,3,"Hello"); //在LCD1602指定位置开始显示所给字符串，1行3列显示Hello
             -字符串用双引号 ""
  16   1      //  LCD_ShowNum(1,9,123,3); //在LCD1602指定位置开始显示所给数字，1行9列显示123，3位，
  17   1      //  LCD_ShowSignedNum(1,13,-66,2); //在LCD1602指定位置开始以有符号十进制显示所给数字，
             -1行13列显示-66，2位(不含符号)
  18   1      //  LCD_ShowHexNum(2,1,0xa8,2); //在LCD1602指定位置开始以十六进制显示所给数字，2行1列
             -示A8(十六进制)，2位
  19   1      //  LCD_ShowBinNum(2,4,0xaa,8); //在LCD1602指定位置开始以二进制显示所给数字，2行4列显
             -aa(二进制以十六进制)，8位
  20   1        while(1)
  21   1        {
  22   2          Delay(1000);
  23   2          LCD_ShowNum(1,1,Result++,3);
  24   2        }
  25   1      }


MODULE INFORMATION:   STATIC OVERLAYABLE
   CODE SIZE        =     34    ----
   CONSTANT SIZE    =   ----    ----
   XDATA SIZE       =   ----    ----
   PDATA SIZE       =   ----    ----
   DATA SIZE        =      2    ----
   IDATA SIZE       =   ----    ----
   BIT SIZE         =   ----    ----
END OF MODULE INFORMATION.


C51 COMPILATION COMPLETE.  0 WARNING(S),  0 ERROR(S)
